{"/Users/bhuma08/Documents/GitHub/habit-tracker/Client/src/App.js": {"path":"/Users/bhuma08/Documents/GitHub/habit-tracker/Client/src/App.js","statementMap":{"0":{"start":{"line":8,"column":8},"end":{"line":22,"column":9}}},"fnMap":{"0":{"name":"(anonymous_0)","decl":{"start":{"line":7,"column":4},"end":{"line":7,"column":5}},"loc":{"start":{"line":7,"column":13},"end":{"line":23,"column":5}},"line":7}},"branchMap":{},"s":{"0":1},"f":{"0":1},"b":{},"_coverageSchema":"1a1c01bbd47fc00a2c39e90264f33305004495a9","hash":"206101f52900c5ecb9fedf7c8f78bbf12f91f1fb"}
,"/Users/bhuma08/Documents/GitHub/habit-tracker/Client/src/components/AddNewCard.js": {"path":"/Users/bhuma08/Documents/GitHub/habit-tracker/Client/src/components/AddNewCard.js","statementMap":{"0":{"start":{"line":6,"column":12},"end":{"line":9,"column":5}},"1":{"start":{"line":11,"column":19},"end":{"line":14,"column":5}},"2":{"start":{"line":12,"column":8},"end":{"line":12,"column":54}},"3":{"start":{"line":13,"column":8},"end":{"line":13,"column":62}},"4":{"start":{"line":16,"column":19},"end":{"line":35,"column":5}},"5":{"start":{"line":17,"column":8},"end":{"line":17,"column":27}},"6":{"start":{"line":19,"column":21},"end":{"line":22,"column":9}},"7":{"start":{"line":24,"column":24},"end":{"line":28,"column":9}},"8":{"start":{"line":30,"column":8},"end":{"line":34,"column":32}},"9":{"start":{"line":31,"column":23},"end":{"line":31,"column":31}},"10":{"start":{"line":39,"column":8},"end":{"line":56,"column":9}}},"fnMap":{"0":{"name":"(anonymous_0)","decl":{"start":{"line":11,"column":19},"end":{"line":11,"column":20}},"loc":{"start":{"line":11,"column":24},"end":{"line":14,"column":5}},"line":11},"1":{"name":"(anonymous_1)","decl":{"start":{"line":16,"column":19},"end":{"line":16,"column":20}},"loc":{"start":{"line":16,"column":24},"end":{"line":35,"column":5}},"line":16},"2":{"name":"(anonymous_2)","decl":{"start":{"line":31,"column":18},"end":{"line":31,"column":19}},"loc":{"start":{"line":31,"column":23},"end":{"line":31,"column":31}},"line":31},"3":{"name":"(anonymous_3)","decl":{"start":{"line":38,"column":4},"end":{"line":38,"column":5}},"loc":{"start":{"line":38,"column":12},"end":{"line":57,"column":5}},"line":38}},"branchMap":{},"s":{"0":5,"1":5,"2":0,"3":0,"4":5,"5":0,"6":0,"7":0,"8":0,"9":0,"10":5},"f":{"0":0,"1":0,"2":0,"3":5},"b":{},"_coverageSchema":"1a1c01bbd47fc00a2c39e90264f33305004495a9","hash":"159c9a27c0ad7ea921b22c2d89aa071b1e4b3a0f"}
,"/Users/bhuma08/Documents/GitHub/habit-tracker/Client/src/components/Button.js": {"path":"/Users/bhuma08/Documents/GitHub/habit-tracker/Client/src/components/Button.js","statementMap":{"0":{"start":{"line":6,"column":14},"end":{"line":17,"column":5}},"1":{"start":{"line":7,"column":8},"end":{"line":7,"column":26}},"2":{"start":{"line":10,"column":24},"end":{"line":12,"column":9}},"3":{"start":{"line":13,"column":8},"end":{"line":15,"column":32}},"4":{"start":{"line":14,"column":23},"end":{"line":14,"column":31}},"5":{"start":{"line":21,"column":8},"end":{"line":25,"column":9}}},"fnMap":{"0":{"name":"(anonymous_0)","decl":{"start":{"line":6,"column":14},"end":{"line":6,"column":15}},"loc":{"start":{"line":6,"column":19},"end":{"line":17,"column":5}},"line":6},"1":{"name":"(anonymous_1)","decl":{"start":{"line":14,"column":18},"end":{"line":14,"column":19}},"loc":{"start":{"line":14,"column":23},"end":{"line":14,"column":31}},"line":14},"2":{"name":"(anonymous_2)","decl":{"start":{"line":19,"column":4},"end":{"line":19,"column":5}},"loc":{"start":{"line":19,"column":12},"end":{"line":27,"column":5}},"line":19}},"branchMap":{},"s":{"0":2,"1":0,"2":0,"3":0,"4":0,"5":2},"f":{"0":0,"1":0,"2":2},"b":{},"_coverageSchema":"1a1c01bbd47fc00a2c39e90264f33305004495a9","hash":"940d802c66c44fb41521a9fabd2413c4f4d9df0b"}
,"/Users/bhuma08/Documents/GitHub/habit-tracker/Client/src/components/HabitCard.js": {"path":"/Users/bhuma08/Documents/GitHub/habit-tracker/Client/src/components/HabitCard.js","statementMap":{"0":{"start":{"line":6,"column":36},"end":{"line":6,"column":48}},"1":{"start":{"line":7,"column":21},"end":{"line":12,"column":5}},"2":{"start":{"line":8,"column":8},"end":{"line":11,"column":10}},"3":{"start":{"line":10,"column":16},"end":{"line":10,"column":48}},"4":{"start":{"line":13,"column":4},"end":{"line":18,"column":5}}},"fnMap":{"0":{"name":"HabitCard","decl":{"start":{"line":5,"column":9},"end":{"line":5,"column":18}},"loc":{"start":{"line":5,"column":22},"end":{"line":19,"column":1}},"line":5},"1":{"name":"(anonymous_1)","decl":{"start":{"line":7,"column":21},"end":{"line":7,"column":22}},"loc":{"start":{"line":7,"column":27},"end":{"line":12,"column":5}},"line":7},"2":{"name":"(anonymous_2)","decl":{"start":{"line":9,"column":18},"end":{"line":9,"column":19}},"loc":{"start":{"line":9,"column":38},"end":{"line":11,"column":9}},"line":9}},"branchMap":{},"s":{"0":1,"1":1,"2":1,"3":0,"4":1},"f":{"0":1,"1":1,"2":0},"b":{},"_coverageSchema":"1a1c01bbd47fc00a2c39e90264f33305004495a9","hash":"6e6f2bb1aefe1400a4eeb5cd970a77c65b1d743f"}
,"/Users/bhuma08/Documents/GitHub/habit-tracker/Client/src/components/LoginCard.js": {"path":"/Users/bhuma08/Documents/GitHub/habit-tracker/Client/src/components/LoginCard.js","statementMap":{"0":{"start":{"line":8,"column":13},"end":{"line":11,"column":5}},"1":{"start":{"line":14,"column":8},"end":{"line":14,"column":58}},"2":{"start":{"line":17,"column":19},"end":{"line":38,"column":5}},"3":{"start":{"line":18,"column":8},"end":{"line":18,"column":27}},"4":{"start":{"line":20,"column":21},"end":{"line":23,"column":9}},"5":{"start":{"line":25,"column":24},"end":{"line":29,"column":9}},"6":{"start":{"line":31,"column":8},"end":{"line":37,"column":51}},"7":{"start":{"line":32,"column":23},"end":{"line":32,"column":31}},"8":{"start":{"line":34,"column":16},"end":{"line":36,"column":17}},"9":{"start":{"line":35,"column":20},"end":{"line":35,"column":54}},"10":{"start":{"line":37,"column":28},"end":{"line":37,"column":50}},"11":{"start":{"line":41,"column":8},"end":{"line":51,"column":9}}},"fnMap":{"0":{"name":"(anonymous_0)","decl":{"start":{"line":13,"column":4},"end":{"line":13,"column":5}},"loc":{"start":{"line":13,"column":20},"end":{"line":15,"column":5}},"line":13},"1":{"name":"(anonymous_1)","decl":{"start":{"line":17,"column":19},"end":{"line":17,"column":20}},"loc":{"start":{"line":17,"column":24},"end":{"line":38,"column":5}},"line":17},"2":{"name":"(anonymous_2)","decl":{"start":{"line":32,"column":18},"end":{"line":32,"column":19}},"loc":{"start":{"line":32,"column":23},"end":{"line":32,"column":31}},"line":32},"3":{"name":"(anonymous_3)","decl":{"start":{"line":33,"column":18},"end":{"line":33,"column":19}},"loc":{"start":{"line":33,"column":24},"end":{"line":37,"column":13}},"line":33},"4":{"name":"(anonymous_4)","decl":{"start":{"line":37,"column":21},"end":{"line":37,"column":22}},"loc":{"start":{"line":37,"column":28},"end":{"line":37,"column":50}},"line":37},"5":{"name":"(anonymous_5)","decl":{"start":{"line":40,"column":4},"end":{"line":40,"column":5}},"loc":{"start":{"line":40,"column":13},"end":{"line":52,"column":5}},"line":40}},"branchMap":{"0":{"loc":{"start":{"line":34,"column":16},"end":{"line":36,"column":17}},"type":"if","locations":[{"start":{"line":34,"column":16},"end":{"line":36,"column":17}},{"start":{"line":34,"column":16},"end":{"line":36,"column":17}}],"line":34}},"s":{"0":6,"1":1,"2":6,"3":1,"4":1,"5":0,"6":0,"7":0,"8":0,"9":0,"10":0,"11":6},"f":{"0":1,"1":1,"2":0,"3":0,"4":0,"5":6},"b":{"0":[0,0]},"_coverageSchema":"1a1c01bbd47fc00a2c39e90264f33305004495a9","hash":"4a5e3bb811e991efb5b164de4f44e3427e44ed31"}
,"/Users/bhuma08/Documents/GitHub/habit-tracker/Client/src/components/NavBar.js": {"path":"/Users/bhuma08/Documents/GitHub/habit-tracker/Client/src/components/NavBar.js","statementMap":{"0":{"start":{"line":7,"column":8},"end":{"line":14,"column":9}}},"fnMap":{"0":{"name":"(anonymous_0)","decl":{"start":{"line":6,"column":4},"end":{"line":6,"column":5}},"loc":{"start":{"line":6,"column":13},"end":{"line":15,"column":5}},"line":6}},"branchMap":{},"s":{"0":2},"f":{"0":2},"b":{},"_coverageSchema":"1a1c01bbd47fc00a2c39e90264f33305004495a9","hash":"a94f785c1cb6bf56f31e6b945eb664243918616b"}
,"/Users/bhuma08/Documents/GitHub/habit-tracker/Client/src/components/ProgressBar.js": {"path":"/Users/bhuma08/Documents/GitHub/habit-tracker/Client/src/components/ProgressBar.js","statementMap":{"0":{"start":{"line":6,"column":6},"end":{"line":6,"column":19}},"1":{"start":{"line":7,"column":6},"end":{"line":12,"column":8}},"2":{"start":{"line":20,"column":8},"end":{"line":28,"column":11}},"3":{"start":{"line":21,"column":10},"end":{"line":27,"column":11}},"4":{"start":{"line":22,"column":12},"end":{"line":22,"column":32}},"5":{"start":{"line":23,"column":17},"end":{"line":27,"column":11}},"6":{"start":{"line":24,"column":16},"end":{"line":24,"column":59}},"7":{"start":{"line":26,"column":14},"end":{"line":26,"column":67}},"8":{"start":{"line":29,"column":8},"end":{"line":29,"column":26}},"9":{"start":{"line":30,"column":24},"end":{"line":32,"column":9}},"10":{"start":{"line":33,"column":8},"end":{"line":35,"column":32}},"11":{"start":{"line":34,"column":23},"end":{"line":34,"column":31}},"12":{"start":{"line":41,"column":20},"end":{"line":43,"column":7}},"13":{"start":{"line":45,"column":6},"end":{"line":52,"column":8}},"14":{"start":{"line":50,"column":118},"end":{"line":50,"column":137}}},"fnMap":{"0":{"name":"(anonymous_0)","decl":{"start":{"line":5,"column":4},"end":{"line":5,"column":5}},"loc":{"start":{"line":5,"column":23},"end":{"line":15,"column":5}},"line":5},"1":{"name":"(anonymous_1)","decl":{"start":{"line":18,"column":4},"end":{"line":18,"column":5}},"loc":{"start":{"line":18,"column":19},"end":{"line":37,"column":5}},"line":18},"2":{"name":"(anonymous_2)","decl":{"start":{"line":20,"column":22},"end":{"line":20,"column":23}},"loc":{"start":{"line":20,"column":31},"end":{"line":28,"column":9}},"line":20},"3":{"name":"(anonymous_3)","decl":{"start":{"line":34,"column":18},"end":{"line":34,"column":19}},"loc":{"start":{"line":34,"column":23},"end":{"line":34,"column":31}},"line":34},"4":{"name":"(anonymous_4)","decl":{"start":{"line":40,"column":4},"end":{"line":40,"column":5}},"loc":{"start":{"line":40,"column":13},"end":{"line":53,"column":5}},"line":40},"5":{"name":"(anonymous_5)","decl":{"start":{"line":50,"column":109},"end":{"line":50,"column":110}},"loc":{"start":{"line":50,"column":116},"end":{"line":50,"column":139}},"line":50}},"branchMap":{"0":{"loc":{"start":{"line":21,"column":10},"end":{"line":27,"column":11}},"type":"if","locations":[{"start":{"line":21,"column":10},"end":{"line":27,"column":11}},{"start":{"line":21,"column":10},"end":{"line":27,"column":11}}],"line":21},"1":{"loc":{"start":{"line":23,"column":17},"end":{"line":27,"column":11}},"type":"if","locations":[{"start":{"line":23,"column":17},"end":{"line":27,"column":11}},{"start":{"line":23,"column":17},"end":{"line":27,"column":11}}],"line":23}},"s":{"0":1,"1":1,"2":0,"3":0,"4":0,"5":0,"6":0,"7":0,"8":0,"9":0,"10":0,"11":0,"12":1,"13":1,"14":0},"f":{"0":1,"1":0,"2":0,"3":0,"4":1,"5":0},"b":{"0":[0,0],"1":[0,0]},"_coverageSchema":"1a1c01bbd47fc00a2c39e90264f33305004495a9","hash":"aea37b4f8ae587e6c569780abcf32b05e3142479"}
,"/Users/bhuma08/Documents/GitHub/habit-tracker/Client/src/components/Results.js": {"path":"/Users/bhuma08/Documents/GitHub/habit-tracker/Client/src/components/Results.js","statementMap":{"0":{"start":{"line":23,"column":24},"end":{"line":31,"column":19}},"1":{"start":{"line":24,"column":12},"end":{"line":31,"column":18}},"2":{"start":{"line":33,"column":8},"end":{"line":37,"column":9}}},"fnMap":{"0":{"name":"(anonymous_0)","decl":{"start":{"line":21,"column":4},"end":{"line":21,"column":5}},"loc":{"start":{"line":21,"column":12},"end":{"line":38,"column":5}},"line":21},"1":{"name":"(anonymous_1)","decl":{"start":{"line":23,"column":47},"end":{"line":23,"column":48}},"loc":{"start":{"line":24,"column":12},"end":{"line":31,"column":18}},"line":24}},"branchMap":{},"s":{"0":0,"1":0,"2":0},"f":{"0":0,"1":0},"b":{},"_coverageSchema":"1a1c01bbd47fc00a2c39e90264f33305004495a9","hash":"5b77bcccc8bc3240ee9ec50617ccff27020b8f5d"}
,"/Users/bhuma08/Documents/GitHub/habit-tracker/Client/src/components/ReverseButton.js": {"path":"/Users/bhuma08/Documents/GitHub/habit-tracker/Client/src/components/ReverseButton.js","statementMap":{"0":{"start":{"line":6,"column":14},"end":{"line":14,"column":5}},"1":{"start":{"line":7,"column":8},"end":{"line":7,"column":26}},"2":{"start":{"line":8,"column":24},"end":{"line":10,"column":9}},"3":{"start":{"line":11,"column":8},"end":{"line":13,"column":32}},"4":{"start":{"line":12,"column":23},"end":{"line":12,"column":31}},"5":{"start":{"line":18,"column":8},"end":{"line":22,"column":9}}},"fnMap":{"0":{"name":"(anonymous_0)","decl":{"start":{"line":6,"column":14},"end":{"line":6,"column":15}},"loc":{"start":{"line":6,"column":19},"end":{"line":14,"column":5}},"line":6},"1":{"name":"(anonymous_1)","decl":{"start":{"line":12,"column":18},"end":{"line":12,"column":19}},"loc":{"start":{"line":12,"column":23},"end":{"line":12,"column":31}},"line":12},"2":{"name":"(anonymous_2)","decl":{"start":{"line":16,"column":4},"end":{"line":16,"column":5}},"loc":{"start":{"line":16,"column":12},"end":{"line":24,"column":5}},"line":16}},"branchMap":{},"s":{"0":1,"1":0,"2":0,"3":0,"4":0,"5":1},"f":{"0":0,"1":0,"2":1},"b":{},"_coverageSchema":"1a1c01bbd47fc00a2c39e90264f33305004495a9","hash":"19f16f3e6fe722c4320ee0e0a0c2c7e2bf4dbd40"}
,"/Users/bhuma08/Documents/GitHub/habit-tracker/Client/src/components/SignUpCard.js": {"path":"/Users/bhuma08/Documents/GitHub/habit-tracker/Client/src/components/SignUpCard.js","statementMap":{"0":{"start":{"line":7,"column":12},"end":{"line":11,"column":5}},"1":{"start":{"line":13,"column":19},"end":{"line":17,"column":5}},"2":{"start":{"line":14,"column":8},"end":{"line":14,"column":27}},"3":{"start":{"line":15,"column":8},"end":{"line":15,"column":54}},"4":{"start":{"line":16,"column":8},"end":{"line":16,"column":60}},"5":{"start":{"line":19,"column":19},"end":{"line":37,"column":5}},"6":{"start":{"line":20,"column":8},"end":{"line":20,"column":27}},"7":{"start":{"line":22,"column":21},"end":{"line":25,"column":9}},"8":{"start":{"line":27,"column":24},"end":{"line":31,"column":9}},"9":{"start":{"line":33,"column":8},"end":{"line":36,"column":32}},"10":{"start":{"line":34,"column":23},"end":{"line":34,"column":31}},"11":{"start":{"line":43,"column":8},"end":{"line":54,"column":9}}},"fnMap":{"0":{"name":"(anonymous_0)","decl":{"start":{"line":13,"column":19},"end":{"line":13,"column":20}},"loc":{"start":{"line":13,"column":24},"end":{"line":17,"column":5}},"line":13},"1":{"name":"(anonymous_1)","decl":{"start":{"line":19,"column":19},"end":{"line":19,"column":20}},"loc":{"start":{"line":19,"column":24},"end":{"line":37,"column":5}},"line":19},"2":{"name":"(anonymous_2)","decl":{"start":{"line":34,"column":18},"end":{"line":34,"column":19}},"loc":{"start":{"line":34,"column":23},"end":{"line":34,"column":31}},"line":34},"3":{"name":"(anonymous_3)","decl":{"start":{"line":41,"column":4},"end":{"line":41,"column":5}},"loc":{"start":{"line":41,"column":12},"end":{"line":55,"column":5}},"line":41}},"branchMap":{},"s":{"0":0,"1":0,"2":0,"3":0,"4":0,"5":0,"6":0,"7":0,"8":0,"9":0,"10":0,"11":0},"f":{"0":0,"1":0,"2":0,"3":0},"b":{},"_coverageSchema":"1a1c01bbd47fc00a2c39e90264f33305004495a9","hash":"c59884a08e642cc5bb0f0ea70c2dcc973126ec4c"}
,"/Users/bhuma08/Documents/GitHub/habit-tracker/Client/src/pages/AddNew.js": {"path":"/Users/bhuma08/Documents/GitHub/habit-tracker/Client/src/pages/AddNew.js","statementMap":{"0":{"start":{"line":5,"column":15},"end":{"line":14,"column":1}},"1":{"start":{"line":6,"column":4},"end":{"line":13,"column":5}}},"fnMap":{"0":{"name":"(anonymous_0)","decl":{"start":{"line":5,"column":15},"end":{"line":5,"column":16}},"loc":{"start":{"line":5,"column":21},"end":{"line":14,"column":1}},"line":5}},"branchMap":{},"s":{"0":2,"1":2},"f":{"0":2},"b":{},"_coverageSchema":"1a1c01bbd47fc00a2c39e90264f33305004495a9","hash":"e39d82854800e1e3bae2127ccc224aefbcba7a6d"}
,"/Users/bhuma08/Documents/GitHub/habit-tracker/Client/src/pages/Habits.js": {"path":"/Users/bhuma08/Documents/GitHub/habit-tracker/Client/src/pages/Habits.js","statementMap":{"0":{"start":{"line":6,"column":15},"end":{"line":16,"column":1}},"1":{"start":{"line":7,"column":4},"end":{"line":15,"column":5}}},"fnMap":{"0":{"name":"(anonymous_0)","decl":{"start":{"line":6,"column":15},"end":{"line":6,"column":16}},"loc":{"start":{"line":6,"column":21},"end":{"line":16,"column":1}},"line":6}},"branchMap":{},"s":{"0":2,"1":2},"f":{"0":2},"b":{},"_coverageSchema":"1a1c01bbd47fc00a2c39e90264f33305004495a9","hash":"d53bef226a99093d82f9829b248686d3919424c8"}
,"/Users/bhuma08/Documents/GitHub/habit-tracker/Client/src/pages/Login.js": {"path":"/Users/bhuma08/Documents/GitHub/habit-tracker/Client/src/pages/Login.js","statementMap":{"0":{"start":{"line":9,"column":8},"end":{"line":19,"column":9}}},"fnMap":{"0":{"name":"(anonymous_0)","decl":{"start":{"line":8,"column":4},"end":{"line":8,"column":5}},"loc":{"start":{"line":8,"column":12},"end":{"line":20,"column":5}},"line":8}},"branchMap":{},"s":{"0":3},"f":{"0":3},"b":{},"_coverageSchema":"1a1c01bbd47fc00a2c39e90264f33305004495a9","hash":"c13a8dfbc6c5dd7a2898cac91c6ea410917a3e14"}
,"/Users/bhuma08/Documents/GitHub/habit-tracker/Client/src/pages/SignUp.js": {"path":"/Users/bhuma08/Documents/GitHub/habit-tracker/Client/src/pages/SignUp.js","statementMap":{"0":{"start":{"line":9,"column":8},"end":{"line":19,"column":9}}},"fnMap":{"0":{"name":"(anonymous_0)","decl":{"start":{"line":8,"column":4},"end":{"line":8,"column":5}},"loc":{"start":{"line":8,"column":12},"end":{"line":20,"column":5}},"line":8}},"branchMap":{},"s":{"0":3},"f":{"0":3},"b":{},"_coverageSchema":"1a1c01bbd47fc00a2c39e90264f33305004495a9","hash":"92f6f9c3758d864d2e70f0e017f2bfaedb061172"}
,"/Users/bhuma08/Documents/GitHub/habit-tracker/Client/src/pages/Welcome.js": {"path":"/Users/bhuma08/Documents/GitHub/habit-tracker/Client/src/pages/Welcome.js","statementMap":{"0":{"start":{"line":7,"column":8},"end":{"line":15,"column":9}}},"fnMap":{"0":{"name":"(anonymous_0)","decl":{"start":{"line":6,"column":4},"end":{"line":6,"column":5}},"loc":{"start":{"line":6,"column":14},"end":{"line":16,"column":5}},"line":6}},"branchMap":{},"s":{"0":2},"f":{"0":2},"b":{},"_coverageSchema":"1a1c01bbd47fc00a2c39e90264f33305004495a9","hash":"bb0622443b882b30015bd6699da643a1d759e4ac"}
,"/Users/bhuma08/Documents/GitHub/habit-tracker/Client/src/pages/index.js": {"path":"/Users/bhuma08/Documents/GitHub/habit-tracker/Client/src/pages/index.js","statementMap":{},"fnMap":{},"branchMap":{},"s":{},"f":{},"b":{},"_coverageSchema":"1a1c01bbd47fc00a2c39e90264f33305004495a9","hash":"7efda5cc512d43787799aa5763aafcb161948888"}
}
